#
# There is insufficient memory for the Java Runtime Environment to continue.
# Native memory allocation (malloc) failed to allocate 1048576 bytes for AllocateHeap
# Possible reasons:
#   The system is out of physical RAM or swap space
#   The process is running with CompressedOops enabled, and the Java Heap may be blocking the growth of the native heap
# Possible solutions:
#   Reduce memory load on the system
#   Increase physical memory or swap space
#   Check if swap backing store is full
#   Decrease Java heap size (-Xmx/-Xms)
#   Decrease number of Java threads
#   Decrease Java thread stack sizes (-Xss)
#   Set larger code cache with -XX:ReservedCodeCacheSize=
#   JVM is running with Unscaled Compressed Oops mode in which the Java heap is
#     placed in the first 4GB address space. The Java Heap base address is the
#     maximum limit for the native heap growth. Please use -XX:HeapBaseMinAddress
#     to set the Java Heap base and to place the Java Heap above 4GB virtual address.
# This output file may be truncated or incomplete.
#
#  Out of Memory Error (./open/src/hotspot/share/memory/allocation.cpp:44), pid=17560, tid=15140
#
# JRE version:  (15.0.2+7) (build )
# Java VM: Java HotSpot(TM) 64-Bit Server VM (15.0.2+7-27, mixed mode, sharing, tiered, compressed oops, g1 gc, windows-amd64)
# No core dump will be written. Minidumps are not enabled by default on client versions of Windows
#

---------------  S U M M A R Y ------------

Command Line: -javaagent:C:\Program Files\JetBrains\IntelliJ IDEA 2020.3.2\lib\idea_rt.jar=63822:C:\Program Files\JetBrains\IntelliJ IDEA 2020.3.2\bin -Dfile.encoding=UTF-8 com.company.PRACTICE.Pattern2

Host: Intel(R) Core(TM) i5-6400 CPU @ 2.70GHz, 4 cores, 7G,  Windows 10 , 64 bit Build 19041 (10.0.19041.1889)
Time: Thu Oct 13 17:11:39 2022 India Standard Time elapsed time: 0.113718 seconds (0d 0h 0m 0s)

---------------  T H R E A D  ---------------

Current thread (0x0000022aea7f07e0):  JavaThread "Unknown thread" [_thread_in_vm, partyid=15140, stack(0x0000007ace700000,0x0000007ace800000)]

Stack: [0x0000007ace700000,0x0000007ace800000]
Native frames: (J=compiled Java code, j=interpreted, Vv=VM code, C=native code)
V  [jvm.dll+0x62ae9a]
V  [jvm.dll+0x7817a9]
V  [jvm.dll+0x782f03]
V  [jvm.dll+0x783563]
V  [jvm.dll+0x216325]
V  [jvm.dll+0x8ebb2]
V  [jvm.dll+0x2b0975]
V  [jvm.dll+0x2a80ce]
V  [jvm.dll+0x75e241]
V  [jvm.dll+0x3341c4]
V  [jvm.dll+0x73e926]
V  [jvm.dll+0x3b7557]
V  [jvm.dll+0x3b8fe1]
C  [jli.dll+0x52fb]
C  [ucrtbase.dll+0x21bb2]
C  [KERNEL32.DLL+0x17034]
C  [ntdll.dll+0x526a1]


---------------  P R O C E S S  ---------------

Threads class SMR info:
_java_thread_list=0x00007fff91c54ff0, length=0, elements={
}

Java Threads: ( => current thread )

Other Threads:
  0x0000022aea82ea80 GCTaskThread "GC Thread#0" [stack: 0x0000007ace800000,0x0000007ace900000] [partyid=11916]

[error occurred during error reporting (printing all threads), partyid 0xc0000005, EXCEPTION_ACCESS_VIOLATION (0xc0000005) at pc=0x00007fff914453a0]

VM state: not at safepoint (not fully initialized)

VM Mutex/Monitor currently owned by a thread:  ([mutex/lock_event])
[0x0000022aea7eaed0] Heap_lock - owner thread: 0x0000022aea7f07e0

Heap address: 0x0000000081c00000, size: 2020 MB, Compressed Oops mode: 32-bit
CDS archive(s) mapped at: [0x0000000000000000-0x0000000000000000-0x0000000000000000), size 0, SharedBaseAddress: 0x0000000800000000, ArchiveRelocationMode: 0.
Narrow klass base: 0x0000000000000000, Narrow klass shift: 0, Narrow klass range: 0x0

Heap:
 garbage-first heap   total 0K, used 0K [0x0000000081c00000, 0x0000000100000000)
  region size 1024K, 0 young (0K), 0 survivors (0K)
 Metaspace       used 0K, capacity 0K, committed 0K, reserved 0K
  class space    used 0K, capacity 0K, committed 0K, reserved 0K

Heap Regions: E=young(eden), S=young(survivor), O=old, HS=humongous(starts), HC=humongous(continues), CS=collection set, F=free, OA=open archive, CA=closed archive, TAMS=top-at-mark-start (previous, next)

Card table byte_map: [0x0000022af2e30000,0x0000022af3230000] _byte_map_base: 0x0000022af2a22000

GC Heap History (0 events):
No events

Deoptimization events (0 events):
No events

Classes unloaded (0 events):
No events

Classes redefined (0 events):
No events

Internal exceptions (0 events):
No events

Events (1 events):
Event: 0.057 Loaded shared library C:\Program Files\Java\jdk-15.0.2\bin\java.dll


Dynamic libraries:
0x00007ff74e520000 - 0x00007ff74e52f000 	C:\Program Files\Java\jdk-15.0.2\bin\java.exe
0x00007fffea3f0000 - 0x00007fffea5e8000 	C:\WINDOWS\SYSTEM32\ntdll.dll
0x00007fffe9990000 - 0x00007fffe9a4d000 	C:\WINDOWS\System32\KERNEL32.DLL
0x00007fffe7e40000 - 0x00007fffe810e000 	C:\WINDOWS\System32\KERNELBASE.dll
0x00007fffe7b10000 - 0x00007fffe7c10000 	C:\WINDOWS\System32\ucrtbase.dll
0x00007fffe21a0000 - 0x00007fffe21b9000 	C:\Program Files\Java\jdk-15.0.2\bin\VCRUNTIME140.dll
0x00007fffe16b0000 - 0x00007fffe16c8000 	C:\Program Files\Java\jdk-15.0.2\bin\jli.dll
0x00007fffe9470000 - 0x00007fffe951e000 	C:\WINDOWS\System32\ADVAPI32.dll
0x00007fffe9070000 - 0x00007fffe910e000 	C:\WINDOWS\System32\msvcrt.dll
0x00007fffe8d80000 - 0x00007fffe8e1c000 	C:\WINDOWS\System32\sechost.dll
0x00007fffe9e80000 - 0x00007fffe9fa5000 	C:\WINDOWS\System32\RPCRT4.dll
0x00007fffe9a50000 - 0x00007fffe9bf0000 	C:\WINDOWS\System32\USER32.dll
0x00007fffe7c10000 - 0x00007fffe7c32000 	C:\WINDOWS\System32\win32u.dll
0x00007fffe9fb0000 - 0x00007fffe9fda000 	C:\WINDOWS\System32\GDI32.dll
0x00007fffd3d50000 - 0x00007fffd3fea000 	C:\WINDOWS\WinSxS\amd64_microsoft.windows.common-controls_6595b64144ccf1df_6.0.19041.1110_none_60b5254171f9507e\COMCTL32.dll
0x00007fffe8340000 - 0x00007fffe844b000 	C:\WINDOWS\System32\gdi32full.dll
0x00007fffe7da0000 - 0x00007fffe7e3d000 	C:\WINDOWS\System32\msvcp_win.dll
0x00007fffe2450000 - 0x00007fffe245a000 	C:\WINDOWS\SYSTEM32\VERSION.dll
0x00007fffe8fe0000 - 0x00007fffe9010000 	C:\WINDOWS\System32\IMM32.DLL
0x00007fffe26d0000 - 0x00007fffe26dc000 	C:\Program Files\Java\jdk-15.0.2\bin\vcruntime140_1.dll
0x00007fffce7f0000 - 0x00007fffce881000 	C:\Program Files\Java\jdk-15.0.2\bin\msvcp140.dll
0x00007fff91190000 - 0x00007fff91cee000 	C:\Program Files\Java\jdk-15.0.2\bin\server\jvm.dll
0x00007fffea340000 - 0x00007fffea348000 	C:\WINDOWS\System32\PSAPI.DLL
0x00007fffd4ce0000 - 0x00007fffd4ce9000 	C:\WINDOWS\SYSTEM32\WSOCK32.dll
0x00007fffe9c50000 - 0x00007fffe9cbb000 	C:\WINDOWS\System32\WS2_32.dll
0x00007fffd5ad0000 - 0x00007fffd5af7000 	C:\WINDOWS\SYSTEM32\WINMM.dll
0x00007fffe5a20000 - 0x00007fffe5a32000 	C:\WINDOWS\SYSTEM32\kernel.appcore.dll
0x00007fffe11d0000 - 0x00007fffe11da000 	C:\Program Files\Java\jdk-15.0.2\bin\jimage.dll
0x00007fffd5b50000 - 0x00007fffd5d34000 	C:\WINDOWS\SYSTEM32\DBGHELP.DLL
0x00007fffd5a10000 - 0x00007fffd5a3c000 	C:\WINDOWS\SYSTEM32\dbgcore.DLL
0x00007fffe82b0000 - 0x00007fffe8332000 	C:\WINDOWS\System32\bcryptPrimitives.dll
0x00007fffe04f0000 - 0x00007fffe04fe000 	C:\Program Files\Java\jdk-15.0.2\bin\instrument.dll
0x00007fffdf8f0000 - 0x00007fffdf915000 	C:\Program Files\Java\jdk-15.0.2\bin\java.dll

dbghelp: loaded successfully - version: 4.0.5 - missing functions: none
symbol engine: initialized successfully - sym options: 0x614 - pdb path: .;C:\Program Files\Java\jdk-15.0.2\bin;C:\WINDOWS\SYSTEM32;C:\WINDOWS\WinSxS\amd64_microsoft.windows.common-controls_6595b64144ccf1df_6.0.19041.1110_none_60b5254171f9507e;C:\Program Files\Java\jdk-15.0.2\bin\server

VM Arguments:
jvm_args: -javaagent:C:\Program Files\JetBrains\IntelliJ IDEA 2020.3.2\lib\idea_rt.jar=63822:C:\Program Files\JetBrains\IntelliJ IDEA 2020.3.2\bin -Dfile.encoding=UTF-8 
java_command: com.company.PRACTICE.Pattern2
java_class_path (initial): C:\Users\TRPC05\Desktop\bubble-1.1\Test project\out\production\Test project
Launcher Type: SUN_STANDARD

[Global flags]
     intx CICompilerCount                          = 3                                         {product} {ergonomic}
     uint ConcGCThreads                            = 1                                         {product} {ergonomic}
     uint G1ConcRefinementThreads                  = 4                                         {product} {ergonomic}
   size_t G1HeapRegionSize                         = 1048576                                   {product} {ergonomic}
    uintx GCDrainStackTargetSize                   = 64                                        {product} {ergonomic}
   size_t InitialHeapSize                          = 134217728                                 {product} {ergonomic}
   size_t MarkStackSize                            = 4194304                                   {product} {ergonomic}
   size_t MaxHeapSize                              = 2118123520                                {product} {ergonomic}
   size_t MinHeapDeltaBytes                        = 1048576                                   {product} {ergonomic}
   size_t MinHeapSize                              = 8388608                                   {product} {ergonomic}
    uintx NonNMethodCodeHeapSize                   = 5832780                                {pd product} {ergonomic}
    uintx NonProfiledCodeHeapSize                  = 122912730                              {pd product} {ergonomic}
    uintx ProfiledCodeHeapSize                     = 122912730                              {pd product} {ergonomic}
    uintx ReservedCodeCacheSize                    = 251658240                              {pd product} {ergonomic}
     bool SegmentedCodeCache                       = true                                      {product} {ergonomic}
   size_t SoftMaxHeapSize                          = 2118123520                             {manageable} {ergonomic}
     bool UseCompressedClassPointers               = true                                 {lp64_product} {ergonomic}
     bool UseCompressedOops                        = true                                 {lp64_product} {ergonomic}
     bool UseG1GC                                  = true                                      {product} {ergonomic}
     bool UseLargePagesIndividualAllocation        = false                                  {pd product} {ergonomic}

Logging:
Log output configuration:
 #0: stdout all=warning uptime,level,tags
 #1: stderr all=off uptime,level,tags

Environment Variables:
JAVA_HOME=C:\Program Files\Java\jdk-15.0.2
PATH=C:\Python310\Scripts\;C:\Python310\;C:\Program Files\Common Files\Oracle\Java\javapath;C:\Program Files (x86)\Common Files\Oracle\Java\javapath;C:\WINDOWS\system32;C:\WINDOWS;C:\WINDOWS\System32\Wbem;C:\WINDOWS\System32\WindowsPowerShell\v1.0\;C:\WINDOWS\System32\OpenSSH\;C:\Program Files\Java\jdk-15.0.2\bin;C:\Program Files\Git\cmd;C:\ProgramData\chocolatey\bin;C:\Program Files\nodejs\;C:\Users\TRPC05\AppData\Local\Programs\Python\Python39\Scripts\;C:\Users\TRPC05\AppData\Local\Programs\Python\Python39\;C:\Program Files\MySQL\MySQL Shell 8.0\bin\;C:\Users\TRPC05\AppData\Local\Microsoft\WindowsApps;C:\Users\TRPC05\AppData\Local\Programs\Microsoft VS Code\bin;C:\Program Files\MongoDB\Server\4.4\bin;C:\Users\TRPC05\AppData\Roaming\npm
USERNAME=TRPC05
OS=Windows_NT
PROCESSOR_IDENTIFIER=Intel64 Family 6 Model 94 Stepping 3, GenuineIntel



---------------  S Y S T E M  ---------------

OS:
 Windows 10 , 64 bit Build 19041 (10.0.19041.1889)
OS uptime: 10 days 5:30 hours

CPU: total 4 (initial active 4) (4 cores per cpu, 1 threads per core) family 6 model 94 stepping 3 microcode 0xcc, cmov, cx8, fxsr, mmx, sse, sse2, sse3, ssse3, sse4.1, sse4.2, popcnt, vzeroupper, avx, avx2, aes, clmul, erms, 3dnowpref, lzcnt, tsc, tscinvbit, bmi1, bmi2, adx, fma, clflush, clflushopt

Memory: 4k page, system-wide physical 8072M (669M free)
TotalPageFile size 32648M (AvailPageFile size 2M)
current process WorkingSet (physical memory assigned to process): 10M, peak: 10M
current process commit charge ("private bytes"): 47M, peak: 48M

vm_info: Java HotSpot(TM) 64-Bit Server VM (15.0.2+7-27) for windows-amd64 JRE (15.0.2+7-27), built on Dec  7 2020 20:07:01 by "mach5one" with unknown MS VC++:1925

END.
